{
  "stats": {
    "suites": 1,
    "tests": 1,
    "passes": 1,
    "pending": 0,
    "failures": 0,
    "start": "2025-09-24T07:18:44.048Z",
    "end": "2025-09-24T07:19:01.225Z",
    "duration": 17177,
    "testsRegistered": 1,
    "passPercent": 100,
    "pendingPercent": 0,
    "other": 0,
    "hasOther": false,
    "skipped": 0,
    "hasSkipped": false
  },
  "results": [
    {
      "uuid": "7da17b12-7e31-440d-a0cb-1ece92d9d134",
      "title": "",
      "fullFile": "cypress\\e2e\\validatesingleproduct.cy.js",
      "file": "cypress\\e2e\\validatesingleproduct.cy.js",
      "beforeHooks": [],
      "afterHooks": [],
      "tests": [],
      "suites": [
        {
          "uuid": "16d5d054-3c89-42c7-a403-452b2ed5b541",
          "title": "Validate cart total on Tazo",
          "fullFile": "",
          "file": "",
          "beforeHooks": [],
          "afterHooks": [],
          "tests": [
            {
              "title": "should validate total = price × quantity",
              "fullTitle": "Validate cart total on Tazo should validate total = price × quantity",
              "timedOut": null,
              "duration": 13744,
              "state": "passed",
              "speed": "slow",
              "pass": true,
              "fail": false,
              "pending": false,
              "context": null,
              "code": "cy.visit('https://www.tazofoods.com');\ncy.get('a[href*=\"mozzarella-block\"]', {\n  timeout: 15000\n}).click();\nconst quantity = 4; // Quantity of items\nconst expectedTotal = 6240; // Expected total\n// Set quantity on product page\ncy.get('#Quantity-product-template', {\n  timeout: 10000\n}).clear().type(quantity.toString()).should('have.value', quantity.toString());\ncy.get('.btn.product-form__cart-submit.btn--secondary-accent', {\n  timeout: 15000\n}).click();\ncy.get('body').then($body => {\n  const viewCartSel = '.cart-popup__cta-link.btn.btn--secondary-accent';\n  if ($body.find(viewCartSel).length) {\n    cy.get(viewCartSel, {\n      timeout: 15000\n    }).click();\n  } else {\n    cy.visit('/cart');\n  }\n});\n// Extract price and validate inside .then()\ncy.get('#shopify-section-cart-template > div > div:nth-child(1) > form > table > tbody > tr > td.cart__price.text-right > div:nth-child(1) > dl > div:nth-child(2) > dd').invoke('text').then(text => {\n  // Remove everything except digits\n  const numericString = text.replace(/[^0-9]/g, ''); // \"156000\"\n  const priceValue = parseFloat(numericString) / 100; // 1560.00\n  cy.log('Price is: ' + priceValue);\n  // Calculate total using function\n  const actualTotal = calculateTotal(priceValue, quantity);\n  // Validate result\n  expect(actualTotal, 'Total should match').to.equal(expectedTotal);\n  // Add condition for extra logging\n  if (actualTotal === expectedTotal) {\n    cy.log('✅ Total is correct: ' + actualTotal);\n  } else {\n    cy.log('❌ Total is incorrect! Expected ' + expectedTotal + ' but got ' + actualTotal);\n  }\n});",
              "err": {},
              "uuid": "47c038ed-9119-431b-a459-18449e6e69b1",
              "parentUUID": "16d5d054-3c89-42c7-a403-452b2ed5b541",
              "isHook": false,
              "skipped": false
            }
          ],
          "suites": [],
          "passes": [
            "47c038ed-9119-431b-a459-18449e6e69b1"
          ],
          "failures": [],
          "pending": [],
          "skipped": [],
          "duration": 13744,
          "root": false,
          "rootEmpty": false,
          "_timeout": 2000
        }
      ],
      "passes": [],
      "failures": [],
      "pending": [],
      "skipped": [],
      "duration": 0,
      "root": true,
      "rootEmpty": true,
      "_timeout": 2000
    }
  ],
  "meta": {
    "mocha": {
      "version": "7.2.0"
    },
    "mochawesome": {
      "options": {
        "quiet": false,
        "reportFilename": "mochawesome",
        "saveHtml": false,
        "saveJson": true,
        "consoleReporter": "spec",
        "useInlineDiffs": false,
        "code": true
      },
      "version": "7.1.4"
    },
    "marge": {
      "options": {
        "reportDir": "cypress\\reports\\.jsons",
        "overwrite": false,
        "html": false,
        "json": true,
        "charts": true
      },
      "version": "6.3.0"
    }
  }
}