{
  "stats": {
    "suites": 1,
    "tests": 1,
    "passes": 0,
    "pending": 0,
    "failures": 1,
    "start": "2025-09-24T07:15:58.293Z",
    "end": "2025-09-24T07:16:16.116Z",
    "duration": 17823,
    "testsRegistered": 1,
    "passPercent": 0,
    "pendingPercent": 0,
    "other": 0,
    "hasOther": false,
    "skipped": 0,
    "hasSkipped": false
  },
  "results": [
    {
      "uuid": "fd4d0cff-ca57-43e8-9296-95826ce653bf",
      "title": "",
      "fullFile": "cypress\\e2e\\gdusa.cy.js",
      "file": "cypress\\e2e\\gdusa.cy.js",
      "beforeHooks": [],
      "afterHooks": [],
      "tests": [],
      "suites": [
        {
          "uuid": "b748a395-c0bb-44b2-8f8f-4d954ad55854",
          "title": "GDUSA Navigation from Hamburger Menu",
          "fullFile": "",
          "file": "",
          "beforeHooks": [],
          "afterHooks": [],
          "tests": [
            {
              "title": "should hover over Competitions and click a submenu item",
              "fullTitle": "GDUSA Navigation from Hamburger Menu should hover over Competitions and click a submenu item",
              "timedOut": null,
              "duration": 13119,
              "state": "failed",
              "speed": null,
              "pass": false,
              "fail": true,
              "pending": false,
              "context": "{\n  \"title\": \"cypress-mochawesome-reporter-screenshots\",\n  \"value\": [\n    [\n      \"\\\\gdusa.cy.js\\\\GDUSA Navigation from Hamburger Menu -- should hover over Competitions and click a submenu item (failed).png\"\n    ]\n  ]\n}",
              "code": "// Visit the homepage\ncy.visit('https://gdusa.com');\n// Click the \"Subscribe\" button (if that's required)\ncy.get('.elementor-element-ba3cf3a > .elementor-widget-container > .elementor-button-wrapper > .elementor-button').should('be.visible').click();\n// Click the hamburger menu to open it\ncy.get('.elementor-element-2bdeade > .elementor-widget-container > .elementor-menu-toggle').should('be.visible').click();\n// Wait for the menu to open\ncy.wait(2000); // or replace with .should() if possible\n// Wait for submenu to appear\ncy.wait(5000);\n// Click on the submenu item by ID\ncy.get('#sm-17459321822139026-11').should('exist').should('be.visible') // Optional: confirm visibility before clicking\n.click({\n  force: true\n});\n// Optionally, confirm navigation happened\ncy.url().should('include', 'competitions'); // adjust if needed",
              "err": {
                "message": "AssertionError: Timed out retrying after 4000ms: expected '<a.elementor-button.elementor-button-link.elementor-size-sm>' to be 'visible'\n\nThis element `<a.elementor-button.elementor-button-link.elementor-size-sm>` is not visible because its parent `<div.elementor.elementor-69428.elementor-location-popup>` has CSS property: `display: none`",
                "estack": "AssertionError: Timed out retrying after 4000ms: expected '<a.elementor-button.elementor-button-link.elementor-size-sm>' to be 'visible'\n\nThis element `<a.elementor-button.elementor-button-link.elementor-size-sm>` is not visible because its parent `<div.elementor.elementor-69428.elementor-location-popup>` has CSS property: `display: none`\n    at Context.eval (webpack://my-cypress-project/./cypress/e2e/gdusa.cy.js:13:6)",
                "diff": null
              },
              "uuid": "e670f5eb-1da1-4a1d-9a02-9a1534c10bed",
              "parentUUID": "b748a395-c0bb-44b2-8f8f-4d954ad55854",
              "isHook": false,
              "skipped": false
            }
          ],
          "suites": [],
          "passes": [],
          "failures": [
            "e670f5eb-1da1-4a1d-9a02-9a1534c10bed"
          ],
          "pending": [],
          "skipped": [],
          "duration": 13119,
          "root": false,
          "rootEmpty": false,
          "_timeout": 2000
        }
      ],
      "passes": [],
      "failures": [],
      "pending": [],
      "skipped": [],
      "duration": 0,
      "root": true,
      "rootEmpty": true,
      "_timeout": 2000
    }
  ],
  "meta": {
    "mocha": {
      "version": "7.2.0"
    },
    "mochawesome": {
      "options": {
        "quiet": false,
        "reportFilename": "mochawesome",
        "saveHtml": false,
        "saveJson": true,
        "consoleReporter": "spec",
        "useInlineDiffs": false,
        "code": true
      },
      "version": "7.1.4"
    },
    "marge": {
      "options": {
        "reportDir": "cypress\\reports\\.jsons",
        "overwrite": false,
        "html": false,
        "json": true,
        "charts": true
      },
      "version": "6.3.0"
    }
  }
}