{
  "stats": {
    "suites": 1,
    "tests": 1,
    "passes": 1,
    "pending": 0,
    "failures": 0,
    "start": "2025-09-24T07:15:31.514Z",
    "end": "2025-09-24T07:15:54.704Z",
    "duration": 23190,
    "testsRegistered": 1,
    "passPercent": 100,
    "pendingPercent": 0,
    "other": 0,
    "hasOther": false,
    "skipped": 0,
    "hasSkipped": false
  },
  "results": [
    {
      "uuid": "29a96d44-fd05-49b3-9400-f10956219bf3",
      "title": "",
      "fullFile": "cypress\\e2e\\download.cy.js",
      "file": "cypress\\e2e\\download.cy.js",
      "beforeHooks": [],
      "afterHooks": [],
      "tests": [],
      "suites": [
        {
          "uuid": "f16d2540-89cd-4280-9f85-c16f7953d18d",
          "title": "Download Techsila Logo",
          "fullFile": "",
          "file": "",
          "beforeHooks": [],
          "afterHooks": [],
          "tests": [
            {
              "title": "downloads Techsila logo",
              "fullTitle": "Download Techsila Logo downloads Techsila logo",
              "timedOut": null,
              "duration": 14772,
              "state": "passed",
              "speed": "slow",
              "pass": true,
              "fail": false,
              "pending": false,
              "context": null,
              "code": "cy.visit(\"https://techsila.io\");\ncy.get(\"img[alt='logo']\").invoke(\"attr\", \"src\").then(logoUrl => {\n  const finalUrl = logoUrl.startsWith(\"http\") ? logoUrl : `https://techsila.io${logoUrl}`;\n  // ✅ Use plugin\n  cy.downloadFile(finalUrl, \"cypress/downloads\", \"techsila-logo.webp\");\n});\ncy.readFile(\"cypress/downloads/techsila-logo.webp\", \"binary\", {\n  timeout: 15000\n}).should(file => {\n  expect(file.length).to.be.greaterThan(100);\n});",
              "err": {},
              "uuid": "8e45c8b8-f826-4a19-907c-c70d40c281e7",
              "parentUUID": "f16d2540-89cd-4280-9f85-c16f7953d18d",
              "isHook": false,
              "skipped": false
            }
          ],
          "suites": [],
          "passes": [
            "8e45c8b8-f826-4a19-907c-c70d40c281e7"
          ],
          "failures": [],
          "pending": [],
          "skipped": [],
          "duration": 14772,
          "root": false,
          "rootEmpty": false,
          "_timeout": 2000
        }
      ],
      "passes": [],
      "failures": [],
      "pending": [],
      "skipped": [],
      "duration": 0,
      "root": true,
      "rootEmpty": true,
      "_timeout": 2000
    }
  ],
  "meta": {
    "mocha": {
      "version": "7.2.0"
    },
    "mochawesome": {
      "options": {
        "quiet": false,
        "reportFilename": "mochawesome",
        "saveHtml": false,
        "saveJson": true,
        "consoleReporter": "spec",
        "useInlineDiffs": false,
        "code": true
      },
      "version": "7.1.4"
    },
    "marge": {
      "options": {
        "reportDir": "cypress\\reports\\.jsons",
        "overwrite": false,
        "html": false,
        "json": true,
        "charts": true
      },
      "version": "6.3.0"
    }
  }
}