{
  "stats": {
    "suites": 1,
    "tests": 1,
    "passes": 0,
    "pending": 0,
    "failures": 1,
    "start": "2025-09-24T07:17:23.869Z",
    "end": "2025-09-24T07:17:51.118Z",
    "duration": 27249,
    "testsRegistered": 1,
    "passPercent": 0,
    "pendingPercent": 0,
    "other": 0,
    "hasOther": false,
    "skipped": 0,
    "hasSkipped": false
  },
  "results": [
    {
      "uuid": "125c0985-0eaf-41d5-900f-542ebde05d87",
      "title": "",
      "fullFile": "cypress\\e2e\\upload.cy.js",
      "file": "cypress\\e2e\\upload.cy.js",
      "beforeHooks": [],
      "afterHooks": [],
      "tests": [],
      "suites": [
        {
          "uuid": "3c382d74-894c-4cce-95d5-4f94de7b4c72",
          "title": "OrangeHRM File Upload Test",
          "fullFile": "",
          "file": "",
          "beforeHooks": [],
          "afterHooks": [],
          "tests": [
            {
              "title": "Uploads a profile picture and validates upload",
              "fullTitle": "OrangeHRM File Upload Test Uploads a profile picture and validates upload",
              "timedOut": null,
              "duration": 22190,
              "state": "failed",
              "speed": null,
              "pass": false,
              "fail": true,
              "pending": false,
              "context": "{\n  \"title\": \"cypress-mochawesome-reporter-screenshots\",\n  \"value\": [\n    [\n      \"\\\\upload.cy.js\\\\OrangeHRM File Upload Test -- Uploads a profile picture and validates upload (failed).png\"\n    ]\n  ]\n}",
              "code": "// Navigate to My Info\ncy.contains('My Info').click();\ncy.url().should('include', '/pim/viewPersonalDetails');\n// Capture old profile picture src\ncy.get('img.employee-image').invoke('attr', 'src').then(oldSrc => {\n  // Start intercepting upload API\n  cy.intercept('**/pim/viewPhoto/**').as('uploadPhoto');\n  // Click on avatar to activate hidden file input\n  cy.get('img.employee-image').click({\n    force: true\n  });\n  // Upload new file from fixtures\n  cy.get('input[type=\"file\"]', {\n    timeout: 10000\n  }).should('exist').selectFile('cypress/fixtures/profile-pic.png', {\n    force: true\n  });\n  // Click Save button\n  cy.contains('Save').click({\n    force: true\n  });\n  // ✅ Validation 1: API call should return 200\n  cy.wait('@uploadPhoto', {\n    timeout: 10000\n  }).its('response.statusCode').should('be.oneOf', [200, 304]);\n  // ✅ Validation 2: Success message should appear\n  cy.contains('Successfully Updated', {\n    timeout: 10000\n  }).should('be.visible');\n  // ✅ Validation 3: Profile picture src should change\n  cy.get('img.employee-image').should('have.attr', 'src').and('not.eq', oldSrc);\n});",
              "err": {
                "message": "AssertionError: Timed out retrying after 10000ms: Expected to find content: 'Successfully Updated' but never did.",
                "estack": "AssertionError: Timed out retrying after 10000ms: Expected to find content: 'Successfully Updated' but never did.\n    at Context.eval (webpack://my-cypress-project/./cypress/e2e/upload.cy.js:49:72)\n    at getRet (https://opensource-demo.orangehrmlive.com/__cypress/runner/cypress_runner.js:121066:20)\n    at tryCatcher (https://opensource-demo.orangehrmlive.com/__cypress/runner/cypress_runner.js:1777:23)\n    at Promise.attempt.Promise.try (https://opensource-demo.orangehrmlive.com/__cypress/runner/cypress_runner.js:4285:29)\n    at Context.thenFn (https://opensource-demo.orangehrmlive.com/__cypress/runner/cypress_runner.js:121077:66)\n    at Context.then (https://opensource-demo.orangehrmlive.com/__cypress/runner/cypress_runner.js:121328:21)\n    at wrapped (https://opensource-demo.orangehrmlive.com/__cypress/runner/cypress_runner.js:141671:19)",
                "diff": null
              },
              "uuid": "c6ecb4d4-14dc-4218-a9b3-53e44ad8bff4",
              "parentUUID": "3c382d74-894c-4cce-95d5-4f94de7b4c72",
              "isHook": false,
              "skipped": false
            }
          ],
          "suites": [],
          "passes": [],
          "failures": [
            "c6ecb4d4-14dc-4218-a9b3-53e44ad8bff4"
          ],
          "pending": [],
          "skipped": [],
          "duration": 22190,
          "root": false,
          "rootEmpty": false,
          "_timeout": 2000
        }
      ],
      "passes": [],
      "failures": [],
      "pending": [],
      "skipped": [],
      "duration": 0,
      "root": true,
      "rootEmpty": true,
      "_timeout": 2000
    }
  ],
  "meta": {
    "mocha": {
      "version": "7.2.0"
    },
    "mochawesome": {
      "options": {
        "quiet": false,
        "reportFilename": "mochawesome",
        "saveHtml": false,
        "saveJson": true,
        "consoleReporter": "spec",
        "useInlineDiffs": false,
        "code": true
      },
      "version": "7.1.4"
    },
    "marge": {
      "options": {
        "reportDir": "cypress\\reports\\.jsons",
        "overwrite": false,
        "html": false,
        "json": true,
        "charts": true
      },
      "version": "6.3.0"
    }
  }
}