{
  "stats": {
    "suites": 1,
    "tests": 1,
    "passes": 1,
    "pending": 0,
    "failures": 0,
    "start": "2025-09-24T07:16:19.322Z",
    "end": "2025-09-24T07:16:58.549Z",
    "duration": 39227,
    "testsRegistered": 1,
    "passPercent": 100,
    "pendingPercent": 0,
    "other": 0,
    "hasOther": false,
    "skipped": 0,
    "hasSkipped": false
  },
  "results": [
    {
      "uuid": "3bf584a5-f60a-4d65-a39f-202ad5422329",
      "title": "",
      "fullFile": "cypress\\e2e\\login.cy.js",
      "file": "cypress\\e2e\\login.cy.js",
      "beforeHooks": [],
      "afterHooks": [],
      "tests": [],
      "suites": [
        {
          "uuid": "3fd23080-6b98-495f-9bc4-889ce5b27ca7",
          "title": "login",
          "fullFile": "",
          "file": "",
          "beforeHooks": [],
          "afterHooks": [],
          "tests": [
            {
              "title": "verify student can login",
              "fullTitle": "login verify student can login",
              "timedOut": null,
              "duration": 25129,
              "state": "passed",
              "speed": "slow",
              "pass": true,
              "fail": false,
              "pending": false,
              "context": "{\n  \"title\": \"cypress-mochawesome-reporter-screenshots\",\n  \"value\": [\n    [\n      \"\\\\login.cy.js\\\\login-error-message.png\"\n    ]\n  ]\n}",
              "code": "const randomEmail = `user_${Math.random().toString(36).substring(2, 10)}@mailinator.com`;\ncy.wait(10000);\n//enter web page\ncy.visit('https://int.ilmzone.com');\ncy.get('#signin').click();\n//enter email address\ncy.wait(3000);\ncy.get('input[name=\"email\"]').type(randomEmail);\n//enter password\ncy.get('input[name=\"password\"]').type('password123');\n//click on login button\ncy.get('button[type=\"submit\"].width_login').click();\ncy.screenshot('login-error-message');",
              "err": {},
              "uuid": "a2c31914-4841-4a4e-b2ad-d1b2ae5a7b8f",
              "parentUUID": "3fd23080-6b98-495f-9bc4-889ce5b27ca7",
              "isHook": false,
              "skipped": false
            }
          ],
          "suites": [],
          "passes": [
            "a2c31914-4841-4a4e-b2ad-d1b2ae5a7b8f"
          ],
          "failures": [],
          "pending": [],
          "skipped": [],
          "duration": 25129,
          "root": false,
          "rootEmpty": false,
          "_timeout": 2000
        }
      ],
      "passes": [],
      "failures": [],
      "pending": [],
      "skipped": [],
      "duration": 0,
      "root": true,
      "rootEmpty": true,
      "_timeout": 2000
    }
  ],
  "meta": {
    "mocha": {
      "version": "7.2.0"
    },
    "mochawesome": {
      "options": {
        "quiet": false,
        "reportFilename": "mochawesome",
        "saveHtml": false,
        "saveJson": true,
        "consoleReporter": "spec",
        "useInlineDiffs": false,
        "code": true
      },
      "version": "7.1.4"
    },
    "marge": {
      "options": {
        "reportDir": "cypress\\reports\\.jsons",
        "overwrite": false,
        "html": false,
        "json": true,
        "charts": true
      },
      "version": "6.3.0"
    }
  }
}