{
  "stats": {
    "suites": 1,
    "tests": 1,
    "passes": 0,
    "pending": 0,
    "failures": 1,
    "start": "2025-09-24T07:17:02.944Z",
    "end": "2025-09-24T07:17:03.361Z",
    "duration": 417,
    "testsRegistered": 1,
    "passPercent": 0,
    "pendingPercent": 0,
    "other": 0,
    "hasOther": false,
    "skipped": 0,
    "hasSkipped": false
  },
  "results": [
    {
      "uuid": "628374d7-ca63-45e2-8d3d-ce53534ba370",
      "title": "",
      "fullFile": "cypress\\e2e\\login_visual.cy.js",
      "file": "cypress\\e2e\\login_visual.cy.js",
      "beforeHooks": [],
      "afterHooks": [],
      "tests": [],
      "suites": [
        {
          "uuid": "1e3cc105-abe8-4279-b6a6-f29e46202e62",
          "title": "Visual Regression - Login Page",
          "fullFile": "",
          "file": "",
          "beforeHooks": [],
          "afterHooks": [],
          "tests": [
            {
              "title": "should match the login page snapshot",
              "fullTitle": "Visual Regression - Login Page should match the login page snapshot",
              "timedOut": null,
              "duration": 303,
              "state": "failed",
              "speed": null,
              "pass": false,
              "fail": true,
              "pending": false,
              "context": "{\n  \"title\": \"cypress-mochawesome-reporter-screenshots\",\n  \"value\": [\n    [\n      \"\\\\login_visual.cy.js\\\\Visual Regression - Login Page -- should match the login page snapshot (failed).png\"\n    ]\n  ]\n}",
              "code": "cy.visit(\"https://int.ilmzone.com/login\");\n// Take and compare snapshot\ncy.compareSnapshot(\"login-page\", {\n  errorThreshold: 0.05\n});",
              "err": {
                "message": "TypeError: cy.compareSnapshot is not a function",
                "estack": "TypeError: cy.compareSnapshot is not a function\n    at Context.eval (webpack://my-cypress-project/./cypress/e2e/login_visual.cy.js:6:7)\n    at runnable.fn (http://localhost:52593/__cypress/runner/cypress_runner.js:141938:19)\n    at callFn (http://localhost:52593/__cypress/runner/cypress_runner.js:161016:21)\n    at Runnable.run (http://localhost:52593/__cypress/runner/cypress_runner.js:161003:7)\n    at <unknown> (http://localhost:52593/__cypress/runner/cypress_runner.js:167096:30)\n    at PassThroughHandlerContext.finallyHandler (http://localhost:52593/__cypress/runner/cypress_runner.js:4042:23)\n    at PassThroughHandlerContext.tryCatcher (http://localhost:52593/__cypress/runner/cypress_runner.js:1777:23)\n    at Promise._settlePromiseFromHandler (http://localhost:52593/__cypress/runner/cypress_runner.js:1489:31)\n    at Promise._settlePromise (http://localhost:52593/__cypress/runner/cypress_runner.js:1546:18)",
                "diff": null
              },
              "uuid": "aacf52a0-39bf-4ecd-b707-8efc1cd83c29",
              "parentUUID": "1e3cc105-abe8-4279-b6a6-f29e46202e62",
              "isHook": false,
              "skipped": false
            }
          ],
          "suites": [],
          "passes": [],
          "failures": [
            "aacf52a0-39bf-4ecd-b707-8efc1cd83c29"
          ],
          "pending": [],
          "skipped": [],
          "duration": 303,
          "root": false,
          "rootEmpty": false,
          "_timeout": 2000
        }
      ],
      "passes": [],
      "failures": [],
      "pending": [],
      "skipped": [],
      "duration": 0,
      "root": true,
      "rootEmpty": true,
      "_timeout": 2000
    }
  ],
  "meta": {
    "mocha": {
      "version": "7.2.0"
    },
    "mochawesome": {
      "options": {
        "quiet": false,
        "reportFilename": "mochawesome",
        "saveHtml": false,
        "saveJson": true,
        "consoleReporter": "spec",
        "useInlineDiffs": false,
        "code": true
      },
      "version": "7.1.4"
    },
    "marge": {
      "options": {
        "reportDir": "cypress\\reports\\.jsons",
        "overwrite": false,
        "html": false,
        "json": true,
        "charts": true
      },
      "version": "6.3.0"
    }
  }
}